<?xml version="1.0" encoding="UTF-8"?>
<!-- Generated by org.testng.reporters.JUnitReportReporter -->
<testsuite skipped="0" hostname="Macbooks-MacBook-Pro.local" name="com.hrms.testcases.DataProDemo" tests="3" failures="0" timestamp="2020-06-04T18:13:55 MST" time="0.007" errors="0">
  <testcase name="addERmp" time="0.005" classname="com.hrms.testcases.DataProDemo"/>
  <system-out/>
  <testcase name="addERmp" time="0.001" classname="com.hrms.testcases.DataProDemo"/>
  <system-out/>
  <testcase name="addERmp" time="0.001" classname="com.hrms.testcases.DataProDemo"/>
  <system-out/>
</testsuite> <!-- com.hrms.testcases.DataProDemo -->
