<?xml version="1.0" encoding="UTF-8"?>
<!-- Generated by org.testng.reporters.JUnitReportReporter -->
<testsuite skipped="0" hostname="Macbooks-MacBook-Pro.local" name="com.hrms.testcases.AddEmployeeTest" tests="3" failures="0" timestamp="2020-05-31T19:58:53 MST" time="39.302" errors="0">
  <testcase name="addEmployee" time="13.699" classname="com.hrms.testcases.AddEmployeeTest"/>
  <system-out/>
  <testcase name="addEmployee" time="12.761" classname="com.hrms.testcases.AddEmployeeTest"/>
  <system-out/>
  <testcase name="addEmployee" time="12.842" classname="com.hrms.testcases.AddEmployeeTest"/>
  <system-out/>
</testsuite> <!-- com.hrms.testcases.AddEmployeeTest -->
