<?xml version="1.0" encoding="UTF-8"?>
<!-- Generated by org.testng.reporters.JUnitReportReporter -->
<testsuite skipped="0" hostname="Macbooks-MacBook-Pro.local" name="com.hrms.testcases.AnnotationDemo" tests="1" failures="0" timestamp="2020-06-04T17:33:38 MST" time="0.005" errors="0">
  <testcase name="methodOne" time="0.005" classname="com.hrms.testcases.AnnotationDemo"/>
  <system-out/>
</testsuite> <!-- com.hrms.testcases.AnnotationDemo -->
