<?xml version="1.0" encoding="UTF-8"?>
<!-- Generated by org.testng.reporters.JUnitReportReporter -->
<testsuite skipped="0" hostname="Macbooks-MacBook-Pro.local" name="com.hrms.testcases.Definereport" tests="1" failures="0" timestamp="2020-06-04T14:34:21 MST" time="28.835" errors="0">
  <testcase name="report" time="28.835" classname="com.hrms.testcases.Definereport"/>
  <system-out/>
</testsuite> <!-- com.hrms.testcases.Definereport -->
