<?xml version="1.0" encoding="UTF-8"?>
<!-- Generated by org.testng.reporters.JUnitReportReporter -->
<testsuite skipped="0" hostname="Macbooks-MacBook-Pro.local" name="com.hrms.testcases.LoginTest" tests="1" failures="0" timestamp="2020-06-02T18:07:00 MST" time="8.219" errors="0">
  <testcase name="validAdminLogin" time="8.219" classname="com.hrms.testcases.LoginTest"/>
  <system-out/>
</testsuite> <!-- com.hrms.testcases.LoginTest -->
